Download now file from market with id: 89
[Errno 2] No such file or directory: 'YML/89.xml'
-----------------------------------------------------
Download now file from market with id: 89
[Errno 2] No such file or directory: 'YML/89.xml'
-----------------------------------------------------
Download now file from market with id: 89
[Errno 2] No such file or directory: 'YML/89.xml'
-----------------------------------------------------
Download now file from market with id: 89
[Errno 2] No such file or directory: 'YML/89.xml'
-----------------------------------------------------
Download now file from market with id: 89
[Errno 2] No such file or directory: 'YML/89.xml'
-----------------------------------------------------
Download now file from market with id: 14
[Errno 2] No such file or directory: 'YML/14.xml'
-----------------------------------------------------
Download now file from market with id: 89
[Errno 2] No such file or directory: '/YML/89.xml'
-----------------------------------------------------
Download now file from market with id: 89
[Errno 2] No such file or directory: 'YML/89.xml'
-----------------------------------------------------
Download now file from market with id: 89
[Errno 2] No such file or directory: 'YML/89.xml'
-----------------------------------------------------
Download now file from market with id: 89
[Errno 2] No such file or directory: '/YML/89.xml'
-----------------------------------------------------
Download now file from market with id: 89
Downloaded and save as: 89.xml
Begean parse file: 89.xml
[Errno 2] No such file or directory: 'hashes/89'
-----------------------------------------------------
Added offers: 0
[Errno 21] Is a directory: 'OLD_YML/'
-----------------------------------------------------
Download now file from market with id: 89
Downloaded and save as: 89.xml
Begean parse file: 89.xml
not well-formed (invalid token): line 7, column 17
-----------------------------------------------------
Added offers: 0
-----------------------------------------------------
Download now file from market with id: 89
Downloaded and save as: 89.xml
Begean parse file: 89.xml
not well-formed (invalid token): line 7, column 17
-----------------------------------------------------
Added offers: 0
-----------------------------------------------------
Download now file from market with id: 89
Downloaded and save as: 89.xml
Begean parse file: 89.xml
not well-formed (invalid token): line 7, column 17
-----------------------------------------------------
Added offers: 0
-----------------------------------------------------
Download now file from market with id: 13
Downloaded and save as: 13.xml
Begean parse file: 13.xml
Added offers: 1586
-----------------------------------------------------
Download now file from market with id: 3
Downloaded and save as: 3.xml
Begean parse file: 3.xml
Added offers: 457
-----------------------------------------------------
Download now file from market with id: 3
Downloaded and save as: 3.xml
No changes in file
-----------------------------------------------------
Download now file from market with id: 88
Downloaded and save as: 88.xml
Begean parse file: 88.xml
Added offers: 1635
-----------------------------------------------------
Download now file from market with id: 89
Downloaded and save as: 89.xml
Begean parse file: 89.xml
not well-formed (invalid token): line 7, column 17
-----------------------------------------------------
Added offers: 0
-----------------------------------------------------
Download now file from market with id: 240
Downloaded and save as: 240.xml
Begean parse file: 240.xml
Added offers: 101
-----------------------------------------------------
Download now file from market with id: 14
Downloaded and save as: 14.xml
Begean parse file: 14.xml
Added offers: 1635
-----------------------------------------------------
Download now file from market with id: 14
Downloaded and save as: 14.xml
Begean parse file: 14.xml
Added offers: 0
-----------------------------------------------------
Download now file from market with id: 89
Downloaded and save as: 89.xml
Begean parse file: 89.xml
not well-formed (invalid token): line 7, column 17
-----------------------------------------------------
Added offers: 0
-----------------------------------------------------
Download now file from market with id: 14
Downloaded and save as: 14.xml
Begean parse file: 14.xml
Added offers: 0
-----------------------------------------------------
Download now file from market with id: 14
Downloaded and save as: 14.xml
No changes in file
-----------------------------------------------------
Download now file from market with id: 89
Downloaded and save as: 89.xml
Begean parse file: 89.xml
not well-formed (invalid token): line 7, column 17
-----------------------------------------------------
Added offers: 0
-----------------------------------------------------
Download now file from market with id: 14
Downloaded and save as: 14.xml
Begean parse file: 14.xml
Added offers: 16
-----------------------------------------------------
Download now file from market with id: 14
Downloaded and save as: 14.xml
Begean parse file: 14.xml
Added offers: 0
-----------------------------------------------------
Download now file from market with id: 14
Downloaded and save as: 14.xml
No changes in file
-----------------------------------------------------
Download now file from market with id: 14
Downloaded and save as: 14.xml
Begean parse file: 14.xml
[Errno 2] No such file or directory: 'manager/other/YML/14.xml'
-----------------------------------------------------
Added offers: 0
[Errno 2] No such file or directory: 'manager/other/YML/14.xml'
-----------------------------------------------------
Download now file from market with id: 14
Downloaded and save as: 14.xml
Begean parse file: 14.xml
Added offers: 0
-----------------------------------------------------
Download now file from market with id: 14
Downloaded and save as: 14.xml
Begean parse file: 14.xml
Added offers: 0
[Errno 2] No such file or directory: 'manager/other/YML/14.xml'
-----------------------------------------------------
Download now file from market with id: 89
Downloaded and save as: 89.xml
Begean parse file: 89.xml
not well-formed (invalid token): line 7, column 17
-----------------------------------------------------
Added offers: 0
-----------------------------------------------------
Download now file from market with id: 14
Downloaded and save as: 14.xml
Begean parse file: 14.xml
Added offers: 0
-----------------------------------------------------
Download now file from market with id: 14
Downloaded and save as: 14.xml
No changes in file
-----------------------------------------------------
Download now file from market with id: 26
Downloaded and save as: 26.xml
Begean parse file: 26.xml
no element found: line 6085, column 11
-----------------------------------------------------
Added offers: 311
-----------------------------------------------------
Download now file from market with id: 26
Downloaded and save as: 26.xml
Begean parse file: 26.xml
[Errno 2] No such file or directory: 'manager/other/YML/26.xml'
-----------------------------------------------------
Added offers: 0
[Errno 2] No such file or directory: 'manager/other/YML/26.xml'
-----------------------------------------------------
Download now file from market with id: 88
Downloaded and save as: 88.xml
Begean parse file: 88.xml
Added offers: 16
-----------------------------------------------------
Download now file from market with id: 88
Downloaded and save as: 88.xml
Begean parse file: 88.xml
[Errno 2] No such file or directory: 'manager/other/YML/88.xml'
-----------------------------------------------------
Added offers: 0
[Errno 2] No such file or directory: 'manager/other/YML/88.xml'
-----------------------------------------------------
Download now file from market with id: 88
Downloaded and save as: 88.xml
Begean parse file: 88.xml
Added offers: 0
-----------------------------------------------------
Download now file from market with id: 88
Downloaded and save as: 88.xml
No changes in file
-----------------------------------------------------
Download now file from market with id: 88
Downloaded and save as: 88.xml
Begean parse file: 88.xml
Added offers: 0
-----------------------------------------------------
Download now file from market with id: 88
Downloaded and save as: 88.xml
No changes in file
-----------------------------------------------------
Download now file from market with id: 88
Downloaded and save as: 88.xml
Begean parse file: 88.xml
Added offers: 0
-----------------------------------------------------
Download now file from market with id: 88
Downloaded and save as: 88.xml
No changes in file
-----------------------------------------------------
Download now file from market with id: 49
Downloaded and save as: 49.xml
Begean parse file: 49.xml
Added offers: 982
-----------------------------------------------------
Download now file from market with id: 89
Downloaded and save as: 89.xml
Begean parse file: 89.xml
not well-formed (invalid token): line 7, column 17
-----------------------------------------------------
Added offers: 0
-----------------------------------------------------
Download now file from market with id: 14
Downloaded and save as: 14.xml
Begean parse file: 14.xml
Added offers: 0
-----------------------------------------------------
Download now file from market with id: 89
Downloaded and save as: 89.xml
Begean parse file: 89.xml
not well-formed (invalid token): line 7, column 17
-----------------------------------------------------
Added offers: 0
-----------------------------------------------------
Download now file from market with id: 89
Downloaded and save as: 89.xml
Begean parse file: 89.xml
not well-formed (invalid token): line 7, column 17
-----------------------------------------------------
Added offers: 0
-----------------------------------------------------
Download now file from market with id: 89
Downloaded and save as: 89.xml
Begean parse file: 89.xml
not well-formed (invalid token): line 7, column 17
-----------------------------------------------------
Added offers: 0
-----------------------------------------------------
Download now file from market with id: 89
Downloaded and save as: 89.xml
Begean parse file: 89.xml
not well-formed (invalid token): line 7, column 17
-----------------------------------------------------
Added offers: 0
-----------------------------------------------------
Download now file from market with id: 89
Downloaded and save as: 89.xml
Begean parse file: 89.xml
not well-formed (invalid token): line 7, column 17
-----------------------------------------------------
Added offers: 0
-----------------------------------------------------
Download now file from market with id: 89
Downloaded and save as: 89.xml
Begean parse file: 89.xml
not well-formed (invalid token): line 7, column 17
-----------------------------------------------------
Added offers: 0
-----------------------------------------------------
Download now file from market with id: 89
Downloaded and save as: 89.xml
Begean parse file: 89.xml
not well-formed (invalid token): line 7, column 17
-----------------------------------------------------
Added offers: 0
-----------------------------------------------------
Download now file from market with id: 89
Downloaded and save as: 89.xml
Begean parse file: 89.xml
not well-formed (invalid token): line 7, column 17
-----------------------------------------------------
Added offers: 0
-----------------------------------------------------
Download now file from market with id: 14
Downloaded and save as: 14.xml
Begean parse file: 14.xml
Added offers: 0
-----------------------------------------------------
Download now file from market with id: 14
Downloaded and save as: 14.xml
Begean parse file: 14.xml
Added offers: 0
-----------------------------------------------------
Download now file from market with id: 14
Downloaded and save as: 14.xml
Begean parse file: 14.xml
Added offers: 0
-----------------------------------------------------
Download now file from market with id: 14
Downloaded and save as: 14.xml
No changes in file
-----------------------------------------------------
Download now file from market with id: 14
Downloaded and save as: 14.xml
Begean parse file: 14.xml
Added offers: 0
-----------------------------------------------------
Download now file from market with id: 89
Downloaded and save as: 89.xml
Begean parse file: 89.xml
not well-formed (invalid token): line 7, column 17
-----------------------------------------------------
Added offers: 0
-----------------------------------------------------
Download now file from market with id: 89
Downloaded and save as: 89.xml
Begean parse file: 89.xml
not well-formed (invalid token): line 7, column 17
-----------------------------------------------------
Added offers: 0
-----------------------------------------------------
Download now file from market with id: 89
Downloaded and save as: 89.xml
Begean parse file: 89.xml
not well-formed (invalid token): line 7, column 17
-----------------------------------------------------
Added offers: 0
-----------------------------------------------------
Download now file from market with id: 89
Downloaded and save as: 89.xml
Begean parse file: 89.xml
not well-formed (invalid token): line 7, column 17
-----------------------------------------------------
Added offers: 0
-----------------------------------------------------
Download now file from market with id: 14
Downloaded and save as: 14.xml
Begean parse file: 14.xml
Added offers: 0
-----------------------------------------------------
Download now file from market with id: 89
Downloaded and save as: 89.xml
Begean parse file: 89.xml
not well-formed (invalid token): line 7, column 17
-----------------------------------------------------
Added offers: 0
-----------------------------------------------------
Download now file from market with id: 14
Downloaded and save as: 14.xml
Begean parse file: 14.xml
Added offers: 0
-----------------------------------------------------
Download now file from market with id: 89
Downloaded and save as: 89.xml
Begean parse file: 89.xml
not well-formed (invalid token): line 7, column 17
-----------------------------------------------------
Added offers: 0
-----------------------------------------------------
Download now file from market with id: 14
Downloaded and save as: 14.xml
Begean parse file: 14.xml
Added offers: 0
-----------------------------------------------------
Download now file from market with id: 13
Downloaded and save as: 13.xml
Begean parse file: 13.xml
Added offers: 0
-----------------------------------------------------
Download now file from market with id: 89
Downloaded and save as: 89.xml
Begean parse file: 89.xml
not well-formed (invalid token): line 7, column 17
-----------------------------------------------------
Added offers: 0
-----------------------------------------------------
Download now file from market with id: 2
Downloaded and save as: 2.xml
Begean parse file: 2.xml
undefined entity &copy;: line 411, column 0
-----------------------------------------------------
Added offers: 0
-----------------------------------------------------
Download now file from market with id: 14
Downloaded and save as: 14.xml
Begean parse file: 14.xml
Added offers: 0
-----------------------------------------------------
Download now file from market with id: 4
Downloaded and save as: 4.xml
Begean parse file: 4.xml
Added offers: 0
-----------------------------------------------------
Download now file from market with id: 88
Downloaded and save as: 88.xml
Begean parse file: 88.xml
Added offers: 0
-----------------------------------------------------
Download now file from market with id: 29
Downloaded and save as: 29.xml
Begean parse file: 29.xml
Added offers: 0
-----------------------------------------------------
Download now file from market with id: 80
Downloaded and save as: 80.xml
Begean parse file: 80.xml
Added offers: 0
-----------------------------------------------------
Download now file from market with id: 26
Downloaded and save as: 26.xml
Begean parse file: 26.xml
Added offers: 1639
-----------------------------------------------------
Download now file from market with id: 41
Downloaded and save as: 41.xml
Begean parse file: 41.xml
Added offers: 0
-----------------------------------------------------
Download now file from market with id: 49
Downloaded and save as: 49.xml
Begean parse file: 49.xml
Added offers: 0
-----------------------------------------------------
Download now file from market with id: 9
Downloaded and save as: 9.xml
Begean parse file: 9.xml
Added offers: 0
-----------------------------------------------------
Download now file from market with id: 26
Downloaded and save as: 26.xml
Begean parse file: 26.xml
Added offers: 0
-----------------------------------------------------
Download now file from market with id: 40
Downloaded and save as: 40.xml
Begean parse file: 40.xml
Added offers: 1639
-----------------------------------------------------
Download now file from market with id: 47
Downloaded and save as: 47.xml
Begean parse file: 47.xml
Added offers: 1639
-----------------------------------------------------
Download now file from market with id: 40
Downloaded and save as: 40.xml
Begean parse file: 40.xml
Added offers: 1639
[Errno 2] No such file or directory: 'manager/other/YML/40.xml'
-----------------------------------------------------
Download now file from market with id: 47
Downloaded and save as: 47.xml
Begean parse file: 47.xml
Added offers: 0
-----------------------------------------------------
Download now file from market with id: 89
Downloaded and save as: 89.xml
Begean parse file: 89.xml
not well-formed (invalid token): line 7, column 17
-----------------------------------------------------
Added offers: 0
-----------------------------------------------------
Download now file from market with id: 40
Downloaded and save as: 40.xml
Begean parse file: 40.xml
Added offers: 0
-----------------------------------------------------
Download now file from market with id: 47
Downloaded and save as: 47.xml
Begean parse file: 47.xml
Added offers: 0
-----------------------------------------------------
Download now file from market with id: 88
Downloaded and save as: 88.xml
Begean parse file: 88.xml
Added offers: 0
-----------------------------------------------------
Download now file from market with id: 2
Downloaded and save as: 2.xml
Begean parse file: 2.xml
undefined entity &copy;: line 411, column 0
-----------------------------------------------------
Added offers: 0
-----------------------------------------------------
Download now file from market with id: 13
Downloaded and save as: 13.xml
Begean parse file: 13.xml
Added offers: 0
-----------------------------------------------------
Download now file from market with id: 89
Downloaded and save as: 89.xml
Begean parse file: 89.xml
not well-formed (invalid token): line 7, column 17
-----------------------------------------------------
Added offers: 0
-----------------------------------------------------
Download now file from market with id: 89
Downloaded and save as: 89.xml
Begean parse file: 89.xml
not well-formed (invalid token): line 7, column 17
-----------------------------------------------------
Added offers: 0
-----------------------------------------------------
Download now file from market with id: 14
Downloaded and save as: 14.xml
Begean parse file: 14.xml
Added offers: 1639
-----------------------------------------------------
Download now file from market with id: 26
Downloaded and save as: 26.xml
Begean parse file: 26.xml
Added offers: 1639
-----------------------------------------------------
Download now file from market with id: 14
Downloaded and save as: 14.xml
Begean parse file: 14.xml
Added offers: 0
-----------------------------------------------------
Download now file from market with id: 26
Downloaded and save as: 26.xml
Begean parse file: 26.xml
Added offers: 0
-----------------------------------------------------
Download now file from market with id: 14
Downloaded and save as: 14.xml
Begean parse file: 14.xml
Added offers: 0
-----------------------------------------------------
Download now file from market with id: 14
Downloaded and save as: 14.xml
Begean parse file: 14.xml
Added offers: 0
-----------------------------------------------------
Download now file from market with id: 14
Downloaded and save as: 14.xml
Begean parse file: 14.xml
Added offers: 0
-----------------------------------------------------
Download now file from market with id: 14
Downloaded and save as: 14.xml
Begean parse file: 14.xml
Added offers: 0
-----------------------------------------------------
Download now file from market with id: 14
Downloaded and save as: 14.xml
No changes in file
-----------------------------------------------------
Download now file from market with id: 14
Downloaded and save as: 14.xml
Begean parse file: 14.xml
Added offers: 0
-----------------------------------------------------
Download now file from market with id: 14
Downloaded and save as: 14.xml
No changes in file
-----------------------------------------------------
Download now file from market with id: 14
Downloaded and save as: 14.xml
Begean parse file: 14.xml
Added offers: 0
-----------------------------------------------------
Download now file from market with id: 89
Downloaded and save as: 89.xml
Begean parse file: 89.xml
not well-formed (invalid token): line 7, column 17
-----------------------------------------------------
Added offers: 0
-----------------------------------------------------
Download now file from market with id: 14
Downloaded and save as: 14.xml
Begean parse file: 14.xml
Added offers: 0
-----------------------------------------------------
Download now file from market with id: 89
Downloaded and save as: 89.xml
Begean parse file: 89.xml
not well-formed (invalid token): line 7, column 17
-----------------------------------------------------
Added offers: 0
-----------------------------------------------------
Download now file from market with id: 89
Downloaded and save as: 89.xml
Begean parse file: 89.xml
not well-formed (invalid token): line 7, column 17
-----------------------------------------------------
Added offers: 0
-----------------------------------------------------
Download now file from market with id: 89
Downloaded and save as: 89.xml
Begean parse file: 89.xml
not well-formed (invalid token): line 7, column 17
-----------------------------------------------------
Added offers: 0
-----------------------------------------------------
Download now file from market with id: 89
Downloaded and save as: 89.xml
Begean parse file: 89.xml
not well-formed (invalid token): line 7, column 17
-----------------------------------------------------
Added offers: 0
-----------------------------------------------------
Download now file from market with id: 89
Downloaded and save as: 89.xml
Begean parse file: 89.xml
not well-formed (invalid token): line 7, column 17
-----------------------------------------------------
Added offers: 0
-----------------------------------------------------
Download now file from market with id: 14
Downloaded and save as: 14.xml
Begean parse file: 14.xml
Added offers: 0
-----------------------------------------------------
Download now file from market with id: 89
Downloaded and save as: 89.xml
Begean parse file: 89.xml
not well-formed (invalid token): line 7, column 17
-----------------------------------------------------
Added offers: 0
-----------------------------------------------------
Download now file from market with id: 14
Downloaded and save as: 14.xml
Begean parse file: 14.xml
Added offers: 0
-----------------------------------------------------
Download now file from market with id: 14
Downloaded and save as: 14.xml
No changes in file
-----------------------------------------------------
Download now file from market with id: 89
Downloaded and save as: 89.xml
Begean parse file: 89.xml
not well-formed (invalid token): line 7, column 17
-----------------------------------------------------
Added offers: 0
-----------------------------------------------------
Download now file from market with id: 89
Downloaded and save as: 89.xml
Begean parse file: 89.xml
not well-formed (invalid token): line 7, column 17
-----------------------------------------------------
Added offers: 0
-----------------------------------------------------
Download now file from market with id: 89
Downloaded and save as: 89.xml
Begean parse file: 89.xml
not well-formed (invalid token): line 7, column 17
-----------------------------------------------------
Added offers: 0
-----------------------------------------------------
Download now file from market with id: 14
Downloaded and save as: 14.xml
Begean parse file: 14.xml
Added offers: 0
-----------------------------------------------------
Download now file from market with id: 89
Downloaded and save as: 89.xml
Begean parse file: 89.xml
not well-formed (invalid token): line 7, column 17
-----------------------------------------------------
Added offers: 0
-----------------------------------------------------
Download now file from market with id: 89
Downloaded and save as: 89.xml
Begean parse file: 89.xml
not well-formed (invalid token): line 7, column 17
-----------------------------------------------------
Added offers: 0
-----------------------------------------------------
Download now file from market with id: 14
Downloaded and save as: 14.xml
Begean parse file: 14.xml
Added offers: 0
-----------------------------------------------------
Download now file from market with id: 89
Downloaded and save as: 89.xml
Begean parse file: 89.xml
not well-formed (invalid token): line 7, column 17
-----------------------------------------------------
Added offers: 0
-----------------------------------------------------
Download now file from market with id: 26
Downloaded and save as: 26.xml
Begean parse file: 26.xml
Added offers: 0
-----------------------------------------------------
Download now file from market with id: 14
Downloaded and save as: 14.xml
No changes in file
-----------------------------------------------------
Download now file from market with id: 89
Downloaded and save as: 89.xml
Begean parse file: 89.xml
not well-formed (invalid token): line 7, column 17
-----------------------------------------------------
Added offers: 0
-----------------------------------------------------
Download now file from market with id: 26
Downloaded and save as: 26.xml
Begean parse file: 26.xml
Added offers: 0
-----------------------------------------------------
Download now file from market with id: 89
Downloaded and save as: 89.xml
Begean parse file: 89.xml
not well-formed (invalid token): line 7, column 17
-----------------------------------------------------
Added offers: 0
-----------------------------------------------------
Download now file from market with id: 14
Downloaded and save as: 14.xml
Begean parse file: 14.xml
Added offers: 0
-----------------------------------------------------
Download now file from market with id: 89
Downloaded and save as: 89.xml
Begean parse file: 89.xml
not well-formed (invalid token): line 7, column 17
-----------------------------------------------------
Added offers: 0
-----------------------------------------------------
Download now file from market with id: 14
Downloaded and save as: 14.xml
Begean parse file: 14.xml
Added offers: 0
-----------------------------------------------------
Download now file from market with id: 26
Downloaded and save as: 26.xml
Begean parse file: 26.xml
Added offers: 0
-----------------------------------------------------
Download now file from market with id: 14
Downloaded and save as: 14.xml
No changes in file
-----------------------------------------------------
Download now file from market with id: 89
Downloaded and save as: 89.xml
Begean parse file: 89.xml
not well-formed (invalid token): line 7, column 17
-----------------------------------------------------
Added offers: 0
-----------------------------------------------------
Download now file from market with id: 14
Downloaded and save as: 14.xml
Begean parse file: 14.xml
Added offers: 0
-----------------------------------------------------
Download now file from market with id: 89
Downloaded and save as: 89.xml
Begean parse file: 89.xml
not well-formed (invalid token): line 7, column 17
-----------------------------------------------------
Added offers: 0
-----------------------------------------------------
Download now file from market with id: 14
Downloaded and save as: 14.xml
No changes in file
-----------------------------------------------------
Download now file from market with id: 89
Downloaded and save as: 89.xml
Begean parse file: 89.xml
not well-formed (invalid token): line 7, column 17
-----------------------------------------------------
Added offers: 0
-----------------------------------------------------
Download now file from market with id: 14
Downloaded and save as: 14.xml
Begean parse file: 14.xml
Added offers: 0
-----------------------------------------------------
Download now file from market with id: 26
Downloaded and save as: 26.xml
Begean parse file: 26.xml
Added offers: 0
-----------------------------------------------------
Download now file from market with id: 89
Downloaded and save as: 89.xml
Begean parse file: 89.xml
not well-formed (invalid token): line 7, column 17
-----------------------------------------------------
Added offers: 0
-----------------------------------------------------
Download now file from market with id: 14
Downloaded and save as: 14.xml
Begean parse file: 14.xml
Added offers: 0
-----------------------------------------------------
Download now file from market with id: 89
Downloaded and save as: 89.xml
Begean parse file: 89.xml
not well-formed (invalid token): line 7, column 17
-----------------------------------------------------
Added offers: 0
-----------------------------------------------------
Download now file from market with id: 89
Downloaded and save as: 89.xml
Begean parse file: 89.xml
not well-formed (invalid token): line 7, column 17
-----------------------------------------------------
Added offers: 0
-----------------------------------------------------
Download now file from market with id: 35
Downloaded and save as: 35.xml
Begean parse file: 35.xml
Added offers: 0
-----------------------------------------------------
Download now file from market with id: 38
Downloaded and save as: 38.xml
Begean parse file: 38.xml
Added offers: 741
-----------------------------------------------------
Download now file from market with id: 38
Downloaded and save as: 38.xml
No changes in file
-----------------------------------------------------
Download now file from market with id: 72
Downloaded and save as: 72.xml
Begean parse file: 72.xml
not well-formed (invalid token): line 3, column 2286973
-----------------------------------------------------
Added offers: 1876
-----------------------------------------------------
Download now file from market with id: 72
Downloaded and save as: 72.xml
Begean parse file: 72.xml
not well-formed (invalid token): line 3, column 2286973
-----------------------------------------------------
Added offers: 1876
-----------------------------------------------------
Download now file from market with id: 127
Downloaded and save as: 127.xml
Begean parse file: 127.xml
Added offers: 9
-----------------------------------------------------
Download now file from market with id: 127
Downloaded and save as: 127.xml
No changes in file
-----------------------------------------------------
Download now file from market with id: 120
[Errno http error] no host given
-----------------------------------------------------
Download now file from market with id: 120
[Errno http error] no host given
-----------------------------------------------------
Download now file from market with id: 120
[Errno http error] no host given
-----------------------------------------------------
Download now file from market with id: 10
Downloaded and save as: 10.xml
Begean parse file: 10.xml
junk after document element: line 1, column 71
-----------------------------------------------------
Added offers: 0
-----------------------------------------------------
Download now file from market with id: 106
Downloaded and save as: 106.xml
Begean parse file: 106.xml
Added offers: 2758
-----------------------------------------------------
Download now file from market with id: 82
Downloaded and save as: 82.xml
Begean parse file: 82.xml
mismatched tag: line 39, column 2
-----------------------------------------------------
Added offers: 0
-----------------------------------------------------
Download now file from market with id: 105
Downloaded and save as: 105.xml
Begean parse file: 105.xml
Added offers: 426
-----------------------------------------------------
Download now file from market with id: 77
Downloaded and save as: 77.xml
Begean parse file: 77.xml
Added offers: 8
-----------------------------------------------------
Download now file from market with id: 126
[Errno http error] no host given
-----------------------------------------------------
Download now file from market with id: 197
Downloaded and save as: 197.xml
Begean parse file: 197.xml
Added offers: 209
-----------------------------------------------------
Download now file from market with id: 235
Downloaded and save as: 235.xml
Begean parse file: 235.xml
Added offers: 80
-----------------------------------------------------
Download now file from market with id: 237
Downloaded and save as: 237.xml
Begean parse file: 237.xml
Added offers: 80
-----------------------------------------------------
Download now file from market with id: 234
Downloaded and save as: 234.xml
Begean parse file: 234.xml
Added offers: 99
-----------------------------------------------------
Download now file from market with id: 236
Downloaded and save as: 236.xml
Begean parse file: 236.xml
Added offers: 115
-----------------------------------------------------
Download now file from market with id: 94
Downloaded and save as: 94.xml
Begean parse file: 94.xml
Added offers: 1639
-----------------------------------------------------
Download now file from market with id: 20
Downloaded and save as: 20.xml
Begean parse file: 20.xml
Added offers: 4795
-----------------------------------------------------
Download now file from market with id: 31
Downloaded and save as: 31.xml
Begean parse file: 31.xml
Added offers: 3306
-----------------------------------------------------
Download now file from market with id: 89
Downloaded and save as: 89.xml
Begean parse file: 89.xml
not well-formed (invalid token): line 7, column 17
-----------------------------------------------------
Added offers: 0
-----------------------------------------------------
Download now file from market with id: 14
Downloaded and save as: 14.xml
Begean parse file: 14.xml
Added offers: 28
-----------------------------------------------------
Download now file from market with id: 14
Downloaded and save as: 14.xml
Begean parse file: 14.xml
Added offers: 0
-----------------------------------------------------
Download now file from market with id: 36
Downloaded and save as: 36.xml
Begean parse file: 36.xml
Added offers: 95
-----------------------------------------------------
Download now file from market with id: 36
Downloaded and save as: 36.xml
No changes in file
-----------------------------------------------------
Download now file from market with id: 36
Downloaded and save as: 36.xml
No changes in file
-----------------------------------------------------
Download now file from market with id: 36
Downloaded and save as: 36.xml
No changes in file
-----------------------------------------------------
Download now file from market with id: 9
Downloaded and save as: 9.xml
Begean parse file: 9.xml
Added offers: 0
-----------------------------------------------------
Download now file from market with id: 78
Downloaded and save as: 78.xml
Begean parse file: 78.xml
Added offers: 896
-----------------------------------------------------
Download now file from market with id: 78
Downloaded and save as: 78.xml
Begean parse file: 78.xml
Added offers: 0
-----------------------------------------------------
