file /mnt/home/buildbot/slave/Linux_64bit_V1.8/mongo/mongo-cxx-driver-v1.8/SConstruct,line 54:
	Configure(confdir = .sconf_temp)
scons: Configure: Checking for C library boost_thread-mt... 
.sconf_temp/conftest_0.c <-
  |
  |
  |
  |int
  |main() {
  |  
  |return 0;
  |}
  |
gcc -o .sconf_temp/conftest_0.o -c -O3 -D_SCONS -DMONGO_EXPOSE_MACROS -I/opt/extra/include -Imongo .sconf_temp/conftest_0.c
gcc -o .sconf_temp/conftest_0 -Wl,--as-needed -Wl,-zdefs .sconf_temp/conftest_0.o -L/opt/extra/lib -L/opt/extra/lib64 -lpthread -lboost_thread-mt
/usr/bin/ld: cannot find -lboost_thread-mt
collect2: ld returned 1 exit status
scons: Configure: no

scons: Configure: Checking for C library boost_thread... 
.sconf_temp/conftest_1.c <-
  |
  |
  |
  |int
  |main() {
  |  
  |return 0;
  |}
  |
gcc -o .sconf_temp/conftest_1.o -c -O3 -D_SCONS -DMONGO_EXPOSE_MACROS -I/opt/extra/include -Imongo .sconf_temp/conftest_1.c
gcc -o .sconf_temp/conftest_1 -Wl,--as-needed -Wl,-zdefs .sconf_temp/conftest_1.o -L/opt/extra/lib -L/opt/extra/lib64 -lpthread -lboost_thread
scons: Configure: yes

scons: Configure: Checking for C library boost_filesystem-mt... 
.sconf_temp/conftest_2.c <-
  |
  |
  |
  |int
  |main() {
  |  
  |return 0;
  |}
  |
gcc -o .sconf_temp/conftest_2.o -c -O3 -D_SCONS -DMONGO_EXPOSE_MACROS -I/opt/extra/include -Imongo .sconf_temp/conftest_2.c
gcc -o .sconf_temp/conftest_2 -Wl,--as-needed -Wl,-zdefs .sconf_temp/conftest_2.o -L/opt/extra/lib -L/opt/extra/lib64 -lpthread -lboost_thread -lboost_filesystem-mt
/usr/bin/ld: cannot find -lboost_filesystem-mt
collect2: ld returned 1 exit status
scons: Configure: no

scons: Configure: Checking for C library boost_filesystem... 
.sconf_temp/conftest_3.c <-
  |
  |
  |
  |int
  |main() {
  |  
  |return 0;
  |}
  |
gcc -o .sconf_temp/conftest_3.o -c -O3 -D_SCONS -DMONGO_EXPOSE_MACROS -I/opt/extra/include -Imongo .sconf_temp/conftest_3.c
gcc -o .sconf_temp/conftest_3 -Wl,--as-needed -Wl,-zdefs .sconf_temp/conftest_3.o -L/opt/extra/lib -L/opt/extra/lib64 -lpthread -lboost_thread -lboost_filesystem
scons: Configure: yes

scons: Configure: Checking for C library boost_system-mt... 
.sconf_temp/conftest_4.c <-
  |
  |
  |
  |int
  |main() {
  |  
  |return 0;
  |}
  |
gcc -o .sconf_temp/conftest_4.o -c -O3 -D_SCONS -DMONGO_EXPOSE_MACROS -I/opt/extra/include -Imongo .sconf_temp/conftest_4.c
gcc -o .sconf_temp/conftest_4 -Wl,--as-needed -Wl,-zdefs .sconf_temp/conftest_4.o -L/opt/extra/lib -L/opt/extra/lib64 -lpthread -lboost_thread -lboost_filesystem -lboost_system-mt
/usr/bin/ld: cannot find -lboost_system-mt
collect2: ld returned 1 exit status
scons: Configure: no

scons: Configure: Checking for C library boost_system... 
.sconf_temp/conftest_5.c <-
  |
  |
  |
  |int
  |main() {
  |  
  |return 0;
  |}
  |
gcc -o .sconf_temp/conftest_5.o -c -O3 -D_SCONS -DMONGO_EXPOSE_MACROS -I/opt/extra/include -Imongo .sconf_temp/conftest_5.c
gcc -o .sconf_temp/conftest_5 -Wl,--as-needed -Wl,-zdefs .sconf_temp/conftest_5.o -L/opt/extra/lib -L/opt/extra/lib64 -lpthread -lboost_thread -lboost_filesystem -lboost_system
scons: Configure: yes

