This file contains any messages produced by compilers while
running configure, to aid debugging if configure makes a mistake.

It was created by librabbitmq configure 0.0.1, which was
generated by GNU Autoconf 2.65.  Invocation command line was

  $ ./configure 

## --------- ##
## Platform. ##
## --------- ##

hostname = user-desktop-develop1
uname -m = i686
uname -r = 2.6.32-32-generic
uname -s = Linux
uname -v = #62-Ubuntu SMP Wed Apr 20 21:54:21 UTC 2011

/usr/bin/uname -p = unknown
/bin/uname -X     = unknown

/bin/arch              = unknown
/usr/bin/arch -k       = unknown
/usr/convex/getsysinfo = unknown
/usr/bin/hostinfo      = unknown
/bin/machine           = unknown
/usr/bin/oslevel       = unknown
/bin/universe          = unknown

PATH: /usr/local/sbin
PATH: /usr/local/bin
PATH: /usr/sbin
PATH: /usr/bin
PATH: /sbin
PATH: /bin
PATH: /usr/games


## ----------- ##
## Core tests. ##
## ----------- ##

configure:2359: checking for a BSD-compatible install
configure:2427: result: /usr/bin/install -c
configure:2438: checking whether build environment is sane
configure:2488: result: yes
configure:2629: checking for a thread-safe mkdir -p
configure:2668: result: /bin/mkdir -p
configure:2681: checking for gawk
configure:2697: found /usr/bin/gawk
configure:2708: result: gawk
configure:2719: checking whether make sets $(MAKE)
configure:2741: result: yes
configure:2837: checking for style of include used by make
configure:2865: result: GNU
configure:2935: checking for gcc
configure:2951: found /usr/bin/gcc
configure:2962: result: gcc
configure:3191: checking for C compiler version
configure:3200: gcc --version >&5
gcc (Ubuntu 4.4.3-4ubuntu5) 4.4.3
Copyright (C) 2009 Free Software Foundation, Inc.
This is free software; see the source for copying conditions.  There is NO
warranty; not even for MERCHANTABILITY or FITNESS FOR A PARTICULAR PURPOSE.

configure:3211: $? = 0
configure:3200: gcc -v >&5
Using built-in specs.
Target: i486-linux-gnu
Configured with: ../src/configure -v --with-pkgversion='Ubuntu 4.4.3-4ubuntu5' --with-bugurl=file:///usr/share/doc/gcc-4.4/README.Bugs --enable-languages=c,c++,fortran,objc,obj-c++ --prefix=/usr --enable-shared --enable-multiarch --enable-linker-build-id --with-system-zlib --libexecdir=/usr/lib --without-included-gettext --enable-threads=posix --with-gxx-include-dir=/usr/include/c++/4.4 --program-suffix=-4.4 --enable-nls --enable-clocale=gnu --enable-libstdcxx-debug --enable-plugin --enable-objc-gc --enable-targets=all --disable-werror --with-arch-32=i486 --with-tune=generic --enable-checking=release --build=i486-linux-gnu --host=i486-linux-gnu --target=i486-linux-gnu
Thread model: posix
gcc version 4.4.3 (Ubuntu 4.4.3-4ubuntu5) 
configure:3211: $? = 0
configure:3200: gcc -V >&5
gcc: '-V' option must have argument
configure:3211: $? = 1
configure:3200: gcc -qversion >&5
gcc: unrecognized option '-qversion'
gcc: no input files
configure:3211: $? = 1
configure:3231: checking whether the C compiler works
configure:3253: gcc    conftest.c  >&5
configure:3257: $? = 0
configure:3306: result: yes
configure:3309: checking for C compiler default output file name
configure:3311: result: a.out
configure:3317: checking for suffix of executables
configure:3324: gcc -o conftest    conftest.c  >&5
configure:3328: $? = 0
configure:3350: result: 
configure:3372: checking whether we are cross compiling
configure:3380: gcc -o conftest    conftest.c  >&5
configure:3384: $? = 0
configure:3391: ./conftest
configure:3395: $? = 0
configure:3410: result: no
configure:3415: checking for suffix of object files
configure:3437: gcc -c   conftest.c >&5
configure:3441: $? = 0
configure:3462: result: o
configure:3466: checking whether we are using the GNU C compiler
configure:3485: gcc -c   conftest.c >&5
configure:3485: $? = 0
configure:3494: result: yes
configure:3503: checking whether gcc accepts -g
configure:3523: gcc -c -g  conftest.c >&5
configure:3523: $? = 0
configure:3564: result: yes
configure:3581: checking for gcc option to accept ISO C89
configure:3645: gcc  -c -g -O2  conftest.c >&5
configure:3645: $? = 0
configure:3658: result: none needed
configure:3680: checking dependency style of gcc
configure:3790: result: gcc3
configure:3811: checking how to run the C preprocessor
configure:3842: gcc -E  conftest.c
configure:3842: $? = 0
configure:3856: gcc -E  conftest.c
conftest.c:11:28: error: ac_nonexistent.h: No such file or directory
configure:3856: $? = 1
configure: failed program was:
| /* confdefs.h */
| #define PACKAGE_NAME "librabbitmq"
| #define PACKAGE_TARNAME "librabbitmq"
| #define PACKAGE_VERSION "0.0.1"
| #define PACKAGE_STRING "librabbitmq 0.0.1"
| #define PACKAGE_BUGREPORT "tonyg@rabbitmq.com"
| #define PACKAGE_URL ""
| #define PACKAGE "librabbitmq"
| #define VERSION "0.0.1"
| /* end confdefs.h.  */
| #include <ac_nonexistent.h>
configure:3881: result: gcc -E
configure:3901: gcc -E  conftest.c
configure:3901: $? = 0
configure:3915: gcc -E  conftest.c
conftest.c:11:28: error: ac_nonexistent.h: No such file or directory
configure:3915: $? = 1
configure: failed program was:
| /* confdefs.h */
| #define PACKAGE_NAME "librabbitmq"
| #define PACKAGE_TARNAME "librabbitmq"
| #define PACKAGE_VERSION "0.0.1"
| #define PACKAGE_STRING "librabbitmq 0.0.1"
| #define PACKAGE_BUGREPORT "tonyg@rabbitmq.com"
| #define PACKAGE_URL ""
| #define PACKAGE "librabbitmq"
| #define VERSION "0.0.1"
| /* end confdefs.h.  */
| #include <ac_nonexistent.h>
configure:3944: checking for grep that handles long lines and -e
configure:4002: result: /bin/grep
configure:4007: checking for egrep
configure:4069: result: /bin/grep -E
configure:4074: checking for ANSI C header files
configure:4094: gcc -c -g -O2  conftest.c >&5
configure:4094: $? = 0
configure:4167: gcc -o conftest -g -O2   conftest.c  >&5
configure:4167: $? = 0
configure:4167: ./conftest
configure:4167: $? = 0
configure:4178: result: yes
configure:4191: checking for sys/types.h
configure:4191: gcc -c -g -O2  conftest.c >&5
configure:4191: $? = 0
configure:4191: result: yes
configure:4191: checking for sys/stat.h
configure:4191: gcc -c -g -O2  conftest.c >&5
configure:4191: $? = 0
configure:4191: result: yes
configure:4191: checking for stdlib.h
configure:4191: gcc -c -g -O2  conftest.c >&5
configure:4191: $? = 0
configure:4191: result: yes
configure:4191: checking for string.h
configure:4191: gcc -c -g -O2  conftest.c >&5
configure:4191: $? = 0
configure:4191: result: yes
configure:4191: checking for memory.h
configure:4191: gcc -c -g -O2  conftest.c >&5
configure:4191: $? = 0
configure:4191: result: yes
configure:4191: checking for strings.h
configure:4191: gcc -c -g -O2  conftest.c >&5
configure:4191: $? = 0
configure:4191: result: yes
configure:4191: checking for inttypes.h
configure:4191: gcc -c -g -O2  conftest.c >&5
configure:4191: $? = 0
configure:4191: result: yes
configure:4191: checking for stdint.h
configure:4191: gcc -c -g -O2  conftest.c >&5
configure:4191: $? = 0
configure:4191: result: yes
configure:4191: checking for unistd.h
configure:4191: gcc -c -g -O2  conftest.c >&5
configure:4191: $? = 0
configure:4191: result: yes
configure:4205: checking minix/config.h usability
configure:4205: gcc -c -g -O2  conftest.c >&5
conftest.c:54:26: error: minix/config.h: No such file or directory
configure:4205: $? = 1
configure: failed program was:
| /* confdefs.h */
| #define PACKAGE_NAME "librabbitmq"
| #define PACKAGE_TARNAME "librabbitmq"
| #define PACKAGE_VERSION "0.0.1"
| #define PACKAGE_STRING "librabbitmq 0.0.1"
| #define PACKAGE_BUGREPORT "tonyg@rabbitmq.com"
| #define PACKAGE_URL ""
| #define PACKAGE "librabbitmq"
| #define VERSION "0.0.1"
| #define STDC_HEADERS 1
| #define HAVE_SYS_TYPES_H 1
| #define HAVE_SYS_STAT_H 1
| #define HAVE_STDLIB_H 1
| #define HAVE_STRING_H 1
| #define HAVE_MEMORY_H 1
| #define HAVE_STRINGS_H 1
| #define HAVE_INTTYPES_H 1
| #define HAVE_STDINT_H 1
| #define HAVE_UNISTD_H 1
| /* end confdefs.h.  */
| #include <stdio.h>
| #ifdef HAVE_SYS_TYPES_H
| # include <sys/types.h>
| #endif
| #ifdef HAVE_SYS_STAT_H
| # include <sys/stat.h>
| #endif
| #ifdef STDC_HEADERS
| # include <stdlib.h>
| # include <stddef.h>
| #else
| # ifdef HAVE_STDLIB_H
| #  include <stdlib.h>
| # endif
| #endif
| #ifdef HAVE_STRING_H
| # if !defined STDC_HEADERS && defined HAVE_MEMORY_H
| #  include <memory.h>
| # endif
| # include <string.h>
| #endif
| #ifdef HAVE_STRINGS_H
| # include <strings.h>
| #endif
| #ifdef HAVE_INTTYPES_H
| # include <inttypes.h>
| #endif
| #ifdef HAVE_STDINT_H
| # include <stdint.h>
| #endif
| #ifdef HAVE_UNISTD_H
| # include <unistd.h>
| #endif
| #include <minix/config.h>
configure:4205: result: no
configure:4205: checking minix/config.h presence
configure:4205: gcc -E  conftest.c
conftest.c:21:26: error: minix/config.h: No such file or directory
configure:4205: $? = 1
configure: failed program was:
| /* confdefs.h */
| #define PACKAGE_NAME "librabbitmq"
| #define PACKAGE_TARNAME "librabbitmq"
| #define PACKAGE_VERSION "0.0.1"
| #define PACKAGE_STRING "librabbitmq 0.0.1"
| #define PACKAGE_BUGREPORT "tonyg@rabbitmq.com"
| #define PACKAGE_URL ""
| #define PACKAGE "librabbitmq"
| #define VERSION "0.0.1"
| #define STDC_HEADERS 1
| #define HAVE_SYS_TYPES_H 1
| #define HAVE_SYS_STAT_H 1
| #define HAVE_STDLIB_H 1
| #define HAVE_STRING_H 1
| #define HAVE_MEMORY_H 1
| #define HAVE_STRINGS_H 1
| #define HAVE_INTTYPES_H 1
| #define HAVE_STDINT_H 1
| #define HAVE_UNISTD_H 1
| /* end confdefs.h.  */
| #include <minix/config.h>
configure:4205: result: no
configure:4205: checking for minix/config.h
configure:4205: result: no
configure:4226: checking whether it is safe to define __EXTENSIONS__
configure:4244: gcc -c -g -O2  conftest.c >&5
configure:4244: $? = 0
configure:4251: result: yes
configure:4314: checking for gcc
configure:4341: result: gcc
configure:4570: checking for C compiler version
configure:4579: gcc --version >&5
gcc (Ubuntu 4.4.3-4ubuntu5) 4.4.3
Copyright (C) 2009 Free Software Foundation, Inc.
This is free software; see the source for copying conditions.  There is NO
warranty; not even for MERCHANTABILITY or FITNESS FOR A PARTICULAR PURPOSE.

configure:4590: $? = 0
configure:4579: gcc -v >&5
Using built-in specs.
Target: i486-linux-gnu
Configured with: ../src/configure -v --with-pkgversion='Ubuntu 4.4.3-4ubuntu5' --with-bugurl=file:///usr/share/doc/gcc-4.4/README.Bugs --enable-languages=c,c++,fortran,objc,obj-c++ --prefix=/usr --enable-shared --enable-multiarch --enable-linker-build-id --with-system-zlib --libexecdir=/usr/lib --without-included-gettext --enable-threads=posix --with-gxx-include-dir=/usr/include/c++/4.4 --program-suffix=-4.4 --enable-nls --enable-clocale=gnu --enable-libstdcxx-debug --enable-plugin --enable-objc-gc --enable-targets=all --disable-werror --with-arch-32=i486 --with-tune=generic --enable-checking=release --build=i486-linux-gnu --host=i486-linux-gnu --target=i486-linux-gnu
Thread model: posix
gcc version 4.4.3 (Ubuntu 4.4.3-4ubuntu5) 
configure:4590: $? = 0
configure:4579: gcc -V >&5
gcc: '-V' option must have argument
configure:4590: $? = 1
configure:4579: gcc -qversion >&5
gcc: unrecognized option '-qversion'
gcc: no input files
configure:4590: $? = 1
configure:4594: checking whether we are using the GNU C compiler
configure:4622: result: yes
configure:4631: checking whether gcc accepts -g
configure:4692: result: yes
configure:4709: checking for gcc option to accept ISO C89
configure:4786: result: none needed
configure:4808: checking dependency style of gcc
configure:4918: result: gcc3
configure:4963: checking build system type
configure:4977: result: i686-pc-linux-gnu
configure:4997: checking host system type
configure:5010: result: i686-pc-linux-gnu
configure:5030: checking for a sed that does not truncate output
configure:5094: result: /bin/sed
configure:5112: checking for fgrep
configure:5174: result: /bin/grep -F
configure:5209: checking for ld used by gcc
configure:5276: result: /usr/bin/ld
configure:5283: checking if the linker (/usr/bin/ld) is GNU ld
configure:5298: result: yes
configure:5310: checking for BSD- or MS-compatible name lister (nm)
configure:5359: result: /usr/bin/nm -B
configure:5477: checking the name lister (/usr/bin/nm -B) interface
configure:5484: gcc -c -g -O2  conftest.c >&5
configure:5487: /usr/bin/nm -B "conftest.o"
configure:5490: output
00000000 B some_variable
configure:5497: result: BSD nm
configure:5500: checking whether ln -s works
configure:5504: result: yes
configure:5512: checking the maximum length of command line arguments
configure:5632: result: 1572864
configure:5649: checking whether the shell understands some XSI constructs
configure:5659: result: yes
configure:5663: checking whether the shell understands "+="
configure:5669: result: yes
configure:5704: checking for /usr/bin/ld option to reload object files
configure:5711: result: -r
configure:5780: checking for objdump
configure:5796: found /usr/bin/objdump
configure:5807: result: objdump
configure:5839: checking how to recognize dependent libraries
configure:6035: result: pass_all
configure:6095: checking for ar
configure:6111: found /usr/bin/ar
configure:6122: result: ar
configure:6200: checking for strip
configure:6216: found /usr/bin/strip
configure:6227: result: strip
configure:6299: checking for ranlib
configure:6315: found /usr/bin/ranlib
configure:6326: result: ranlib
configure:6416: checking command to parse /usr/bin/nm -B output from gcc object
configure:6534: gcc -c -g -O2  conftest.c >&5
configure:6537: $? = 0
configure:6541: /usr/bin/nm -B conftest.o \| sed -n -e 's/^.*[	 ]\([ABCDGIRSTW][ABCDGIRSTW]*\)[	 ][	 ]*\([_A-Za-z][_A-Za-z0-9]*\)$/\1 \2 \2/p' \> conftest.nm
configure:6544: $? = 0
configure:6598: gcc -o conftest -g -O2   conftest.c conftstm.o >&5
configure:6601: $? = 0
configure:6639: result: ok
configure:7444: checking for dlfcn.h
configure:7444: gcc -c -g -O2  conftest.c >&5
configure:7444: $? = 0
configure:7444: result: yes
configure:7628: checking for objdir
configure:7643: result: .libs
configure:7935: checking if gcc supports -fno-rtti -fno-exceptions
configure:7953: gcc -c -g -O2  -fno-rtti -fno-exceptions conftest.c >&5
cc1: warning: command line option "-fno-rtti" is valid for C++/ObjC++ but not for C
configure:7957: $? = 0
configure:7970: result: no
configure:7990: checking for gcc option to produce PIC
configure:8262: result: -fPIC -DPIC
configure:8274: checking if gcc PIC flag -fPIC -DPIC works
configure:8292: gcc -c -g -O2  -fPIC -DPIC -DPIC conftest.c >&5
configure:8296: $? = 0
configure:8309: result: yes
configure:8333: checking if gcc static flag -static works
configure:8361: result: yes
configure:8376: checking if gcc supports -c -o file.o
configure:8397: gcc -c -g -O2  -o out/conftest2.o conftest.c >&5
configure:8401: $? = 0
configure:8423: result: yes
configure:8431: checking if gcc supports -c -o file.o
configure:8478: result: yes
configure:8511: checking whether the gcc linker (/usr/bin/ld) supports shared libraries
configure:9502: result: yes
configure:9539: checking whether -lc should be explicitly linked in
configure:9544: gcc -c -g -O2  conftest.c >&5
configure:9547: $? = 0
configure:9562: gcc -shared conftest.o  -v -Wl,-soname -Wl,conftest -o conftest 2\>\&1 \| /bin/grep  -lc  \>/dev/null 2\>\&1
configure:9565: $? = 0
configure:9577: result: no
configure:9741: checking dynamic linker characteristics
configure:10174: gcc -o conftest -g -O2   -Wl,-rpath -Wl,/foo conftest.c  >&5
configure:10174: $? = 0
configure:10404: result: GNU/Linux ld.so
configure:10506: checking how to hardcode library paths into programs
configure:10531: result: immediate
configure:11051: checking whether stripping libraries is possible
configure:11056: result: yes
configure:11091: checking if libtool supports shared libraries
configure:11093: result: yes
configure:11096: checking whether to build shared libraries
configure:11117: result: yes
configure:11120: checking whether to build static libraries
configure:11124: result: yes
configure:11160: checking for ANSI C header files
configure:11264: result: yes
configure:11285: checking location of AMQP codegen directory
configure:11294: result: /home/develop_prod/libs/rabbitmq-c/codegen
configure:11302: result: 
configure:11308: checking finding a python with simplejson installed
configure:11320: result: python
configure:11350: checking for poptGetContext in -lpopt
configure:11375: gcc -o conftest -g -O2 -Wall   conftest.c -lpopt   >&5
/usr/bin/ld: cannot find -lpopt
collect2: ld returned 1 exit status
configure:11375: $? = 1
configure: failed program was:
| /* confdefs.h */
| #define PACKAGE_NAME "librabbitmq"
| #define PACKAGE_TARNAME "librabbitmq"
| #define PACKAGE_VERSION "0.0.1"
| #define PACKAGE_STRING "librabbitmq 0.0.1"
| #define PACKAGE_BUGREPORT "tonyg@rabbitmq.com"
| #define PACKAGE_URL ""
| #define PACKAGE "librabbitmq"
| #define VERSION "0.0.1"
| #define STDC_HEADERS 1
| #define HAVE_SYS_TYPES_H 1
| #define HAVE_SYS_STAT_H 1
| #define HAVE_STDLIB_H 1
| #define HAVE_STRING_H 1
| #define HAVE_MEMORY_H 1
| #define HAVE_STRINGS_H 1
| #define HAVE_INTTYPES_H 1
| #define HAVE_STDINT_H 1
| #define HAVE_UNISTD_H 1
| #define __EXTENSIONS__ 1
| #define _ALL_SOURCE 1
| #define _GNU_SOURCE 1
| #define _POSIX_PTHREAD_SEMANTICS 1
| #define _TANDEM_SOURCE 1
| #define HAVE_DLFCN_H 1
| #define LT_OBJDIR ".libs/"
| #define STDC_HEADERS 1
| /* end confdefs.h.  */
| 
| /* Override any GCC internal prototype to avoid an error.
|    Use char because int might match the return type of a GCC
|    builtin and then its argument prototype would still apply.  */
| #ifdef __cplusplus
| extern "C"
| #endif
| char poptGetContext ();
| int
| main ()
| {
| return poptGetContext ();
|   ;
|   return 0;
| }
configure:11384: result: no
configure:11442: checking for xmlto
configure:11472: result: no
configure:11626: creating ./config.status

## ---------------------- ##
## Running config.status. ##
## ---------------------- ##

This file was extended by librabbitmq config.status 0.0.1, which was
generated by GNU Autoconf 2.65.  Invocation command line was

  CONFIG_FILES    = 
  CONFIG_HEADERS  = 
  CONFIG_LINKS    = 
  CONFIG_COMMANDS = 
  $ ./config.status 

on user-desktop-develop1

config.status:1083: creating Makefile
config.status:1083: creating librabbitmq/Makefile
config.status:1083: creating tests/Makefile
config.status:1083: creating examples/Makefile
config.status:1083: creating tools/Makefile
config.status:1083: creating tools/doc/Makefile
config.status:1083: creating config.h
config.status:1255: config.h is unchanged
config.status:1303: executing depfiles commands
config.status:1303: executing libtool commands

## ---------------- ##
## Cache variables. ##
## ---------------- ##

ac_cv_build=i686-pc-linux-gnu
ac_cv_c_compiler_gnu=yes
ac_cv_env_CC_set=
ac_cv_env_CC_value=
ac_cv_env_CFLAGS_set=
ac_cv_env_CFLAGS_value=
ac_cv_env_CPPFLAGS_set=
ac_cv_env_CPPFLAGS_value=
ac_cv_env_CPP_set=
ac_cv_env_CPP_value=
ac_cv_env_LDFLAGS_set=
ac_cv_env_LDFLAGS_value=
ac_cv_env_LIBS_set=
ac_cv_env_LIBS_value=
ac_cv_env_build_alias_set=
ac_cv_env_build_alias_value=
ac_cv_env_host_alias_set=
ac_cv_env_host_alias_value=
ac_cv_env_target_alias_set=
ac_cv_env_target_alias_value=
ac_cv_header_dlfcn_h=yes
ac_cv_header_inttypes_h=yes
ac_cv_header_memory_h=yes
ac_cv_header_minix_config_h=no
ac_cv_header_stdc=yes
ac_cv_header_stdint_h=yes
ac_cv_header_stdlib_h=yes
ac_cv_header_string_h=yes
ac_cv_header_strings_h=yes
ac_cv_header_sys_stat_h=yes
ac_cv_header_sys_types_h=yes
ac_cv_header_unistd_h=yes
ac_cv_host=i686-pc-linux-gnu
ac_cv_lib_popt_poptGetContext=no
ac_cv_objext=o
ac_cv_path_EGREP='/bin/grep -E'
ac_cv_path_FGREP='/bin/grep -F'
ac_cv_path_GREP=/bin/grep
ac_cv_path_SED=/bin/sed
ac_cv_path_install='/usr/bin/install -c'
ac_cv_path_mkdir=/bin/mkdir
ac_cv_prog_AWK=gawk
ac_cv_prog_CPP='gcc -E'
ac_cv_prog_ac_ct_AR=ar
ac_cv_prog_ac_ct_CC=gcc
ac_cv_prog_ac_ct_OBJDUMP=objdump
ac_cv_prog_ac_ct_RANLIB=ranlib
ac_cv_prog_ac_ct_STRIP=strip
ac_cv_prog_cc_c89=
ac_cv_prog_cc_g=yes
ac_cv_prog_make_make_set=yes
ac_cv_safe_to_define___extensions__=yes
am_cv_CC_dependencies_compiler_type=gcc3
lt_cv_deplibs_check_method=pass_all
lt_cv_file_magic_cmd='$MAGIC_CMD'
lt_cv_file_magic_test_file=
lt_cv_ld_reload_flag=-r
lt_cv_nm_interface='BSD nm'
lt_cv_objdir=.libs
lt_cv_path_LD=/usr/bin/ld
lt_cv_path_NM='/usr/bin/nm -B'
lt_cv_prog_compiler_c_o=yes
lt_cv_prog_compiler_pic_works=yes
lt_cv_prog_compiler_rtti_exceptions=no
lt_cv_prog_compiler_static_works=yes
lt_cv_prog_gnu_ld=yes
lt_cv_sys_global_symbol_pipe='sed -n -e '\''s/^.*[	 ]\([ABCDGIRSTW][ABCDGIRSTW]*\)[	 ][	 ]*\([_A-Za-z][_A-Za-z0-9]*\)$/\1 \2 \2/p'\'''
lt_cv_sys_global_symbol_to_c_name_address='sed -n -e '\''s/^: \([^ ]*\) $/  {\"\1\", (void *) 0},/p'\'' -e '\''s/^[ABCDGIRSTW]* \([^ ]*\) \([^ ]*\)$/  {"\2", (void *) \&\2},/p'\'''
lt_cv_sys_global_symbol_to_c_name_address_lib_prefix='sed -n -e '\''s/^: \([^ ]*\) $/  {\"\1\", (void *) 0},/p'\'' -e '\''s/^[ABCDGIRSTW]* \([^ ]*\) \(lib[^ ]*\)$/  {"\2", (void *) \&\2},/p'\'' -e '\''s/^[ABCDGIRSTW]* \([^ ]*\) \([^ ]*\)$/  {"lib\2", (void *) \&\2},/p'\'''
lt_cv_sys_global_symbol_to_cdecl='sed -n -e '\''s/^T .* \(.*\)$/extern int \1();/p'\'' -e '\''s/^[ABCDGIRSTW]* .* \(.*\)$/extern char \1;/p'\'''
lt_cv_sys_max_cmd_len=1572864

## ----------------- ##
## Output variables. ##
## ----------------- ##

ACLOCAL='${SHELL} /home/develop_prod/libs/rabbitmq-c/missing --run aclocal-1.11'
AMDEPBACKSLASH='\'
AMDEP_FALSE='#'
AMDEP_TRUE=''
AMQP_CODEGEN_DIR='/home/develop_prod/libs/rabbitmq-c/codegen'
AMQP_EXTENSIONS_JSON_PATH='/home/develop_prod/libs/rabbitmq-c/codegen/rabbitmq-0.8-extensions.json'
AMQP_SPEC_JSON_PATH='/home/develop_prod/libs/rabbitmq-c/codegen/amqp-0.8.json'
AMTAR='${SHELL} /home/develop_prod/libs/rabbitmq-c/missing --run tar'
AR='ar'
AUTOCONF='${SHELL} /home/develop_prod/libs/rabbitmq-c/missing --run autoconf'
AUTOHEADER='${SHELL} /home/develop_prod/libs/rabbitmq-c/missing --run autoheader'
AUTOMAKE='${SHELL} /home/develop_prod/libs/rabbitmq-c/missing --run automake-1.11'
AWK='gawk'
CC='gcc'
CCDEPMODE='depmode=gcc3'
CFLAGS='-g -O2 -Wall'
CPP='gcc -E'
CPPFLAGS=''
CYGPATH_W='echo'
DEFS='-DHAVE_CONFIG_H'
DEPDIR='.deps'
DSYMUTIL=''
DUMPBIN=''
ECHO_C=''
ECHO_N='-n'
ECHO_T=''
EGREP='/bin/grep -E'
EXEEXT=''
FGREP='/bin/grep -F'
GREP='/bin/grep'
INSTALL_DATA='${INSTALL} -m 644'
INSTALL_PROGRAM='${INSTALL}'
INSTALL_SCRIPT='${INSTALL}'
INSTALL_STRIP_PROGRAM='$(install_sh) -c -s'
LD='/usr/bin/ld'
LDFLAGS=''
LIBOBJS=''
LIBPOPT=''
LIBS=''
LIBTOOL='$(SHELL) $(top_builddir)/libtool'
LIPO=''
LN_S='ln -s'
LTLIBOBJS=''
MAKEINFO='${SHELL} /home/develop_prod/libs/rabbitmq-c/missing --run makeinfo'
MKDIR_P='/bin/mkdir -p'
NM='/usr/bin/nm -B'
NMEDIT=''
OBJDUMP='objdump'
OBJEXT='o'
OTOOL64=''
OTOOL=''
PACKAGE='librabbitmq'
PACKAGE_BUGREPORT='tonyg@rabbitmq.com'
PACKAGE_NAME='librabbitmq'
PACKAGE_STRING='librabbitmq 0.0.1'
PACKAGE_TARNAME='librabbitmq'
PACKAGE_URL=''
PACKAGE_VERSION='0.0.1'
PATH_SEPARATOR=':'
PYTHON='python'
RANLIB='ranlib'
SED='/bin/sed'
SET_MAKE=''
SHELL='/bin/bash'
STRIP='strip'
TOOLS_DOC_FALSE=''
TOOLS_DOC_TRUE='#'
TOOLS_FALSE=''
TOOLS_TRUE='#'
VERSION='0.0.1'
XMLTO=''
ac_ct_CC='gcc'
ac_ct_DUMPBIN=''
am__EXEEXT_FALSE=''
am__EXEEXT_TRUE='#'
am__fastdepCC_FALSE='#'
am__fastdepCC_TRUE=''
am__include='include'
am__isrc=''
am__leading_dot='.'
am__quote=''
am__tar='${AMTAR} chof - "$$tardir"'
am__untar='${AMTAR} xf -'
bindir='${exec_prefix}/bin'
build='i686-pc-linux-gnu'
build_alias=''
build_cpu='i686'
build_os='linux-gnu'
build_vendor='pc'
datadir='${datarootdir}'
datarootdir='${prefix}/share'
docdir='${datarootdir}/doc/${PACKAGE_TARNAME}'
dvidir='${docdir}'
exec_prefix='${prefix}'
host='i686-pc-linux-gnu'
host_alias=''
host_cpu='i686'
host_os='linux-gnu'
host_vendor='pc'
htmldir='${docdir}'
includedir='${prefix}/include'
infodir='${datarootdir}/info'
install_sh='${SHELL} /home/develop_prod/libs/rabbitmq-c/install-sh'
libdir='${exec_prefix}/lib'
libexecdir='${exec_prefix}/libexec'
localedir='${datarootdir}/locale'
localstatedir='${prefix}/var'
lt_ECHO='echo'
mandir='${datarootdir}/man'
mkdir_p='/bin/mkdir -p'
oldincludedir='/usr/include'
pdfdir='${docdir}'
prefix='/usr/local'
program_transform_name='s,x,x,'
psdir='${docdir}'
sbindir='${exec_prefix}/sbin'
sharedstatedir='${prefix}/com'
sysconfdir='${prefix}/etc'
target_alias=''

## ----------- ##
## confdefs.h. ##
## ----------- ##

/* confdefs.h */
#define PACKAGE_NAME "librabbitmq"
#define PACKAGE_TARNAME "librabbitmq"
#define PACKAGE_VERSION "0.0.1"
#define PACKAGE_STRING "librabbitmq 0.0.1"
#define PACKAGE_BUGREPORT "tonyg@rabbitmq.com"
#define PACKAGE_URL ""
#define PACKAGE "librabbitmq"
#define VERSION "0.0.1"
#define STDC_HEADERS 1
#define HAVE_SYS_TYPES_H 1
#define HAVE_SYS_STAT_H 1
#define HAVE_STDLIB_H 1
#define HAVE_STRING_H 1
#define HAVE_MEMORY_H 1
#define HAVE_STRINGS_H 1
#define HAVE_INTTYPES_H 1
#define HAVE_STDINT_H 1
#define HAVE_UNISTD_H 1
#define __EXTENSIONS__ 1
#define _ALL_SOURCE 1
#define _GNU_SOURCE 1
#define _POSIX_PTHREAD_SEMANTICS 1
#define _TANDEM_SOURCE 1
#define HAVE_DLFCN_H 1
#define LT_OBJDIR ".libs/"
#define STDC_HEADERS 1

configure: exit 0
